
> daily-tracker-frontend@0.0.0 dev
> vite

[33mThe CJS build of Vite's Node API is deprecated. See https://vite.dev/guide/troubleshooting.html#vite-cjs-node-api-deprecated for more details.[39m
Port 5173 is in use, trying another one...
Port 5174 is in use, trying another one...
Port 5175 is in use, try11:02:55 PM [vite] hmr update /src/components/dashboard/Analytics.tsx, /src/index.css
11:03:42 PM [vite] hmr update /src/components/dashboard/StreakCounter.tsx, /src/index.css
11:04:19 PM [vite] hmr update /src/components/dashboard/ProgressBar.tsx, /src/index.css
11:14:58 PM [vite] page reload src/components/auth/TwoFactorSetup.tsx
11:15:34 PM [vite] hmr update /src/components/common/ErrorBoundary.tsx, /src/index.css
11:16:12 PM [vite] hmr update /src/components/common/ErrorBoundary.tsx, /src/index.css
11:16:46 PM [vite] hmr update /src/App.tsx, /src/index.css
11:18:05 PM [vite] hmr update /src/components/auth/LoginForm.tsx, /src/index.css
11:18:46 PM [vite] hmr update /src/components/auth/RegisterForm.tsx, /src/index.css
11:28:35 PM [vite] hmr update /src/components/auth/RegisterForm.tsx, /src/index.css
11:33:46 PM [vite] hmr update /src/pages/Admin.tsx, /src/index.css
11:43:45 PM [vite] page reload package.json
10:39:34 PM [vite] hmr update /src/App.tsx, /src/index.css
10:40:21 PM [vite] hmr update /src/components/common/Header.tsx, /src/index.css
10:40:55 PM [vite] hmr update /src/components/auth/LoginForm.tsx, /src/index.css
10:42:48 PM [vite] hmr update /src/pages/Admin.tsx, /src/index.css
12:13:07 AM [vite] hmr update /src/pages/Dashboard.tsx, /src/index.css
